d:\work\sdk\sdk_windows_1.9.3.1.0531.827\ysxsdkdemo 1.9.3-带im\ysxsdkdemo\release\ysxsdkdemo.pch
d:\work\sdk\sdk_windows_1.9.3.1.0531.827\ysxsdkdemo 1.9.3-带im\ysxsdkdemo\release\vc140.pdb
d:\work\sdk\sdk_windows_1.9.3.1.0531.827\ysxsdkdemo 1.9.3-带im\ysxsdkdemo\release\stdafx.obj
d:\work\sdk\sdk_windows_1.9.3.1.0531.827\ysxsdkdemo 1.9.3-带im\ysxsdkdemo\release\ysxsdkdemo.obj
d:\work\sdk\sdk_windows_1.9.3.1.0531.827\ysxsdkdemo 1.9.3-带im\ysxsdkdemo\release\mainwnd.obj
c:\users\jiangxiaowei01\desktop\投标项目\sdk\ysxsdkdemo\release\ysxsdkdemo.pch
c:\users\jiangxiaowei01\desktop\投标项目\sdk\ysxsdkdemo\release\vc141.pdb
c:\users\jiangxiaowei01\desktop\投标项目\sdk\ysxsdkdemo\release\stdafx.obj
c:\users\jiangxiaowei01\desktop\投标项目\sdk\ysxsdkdemo\release\ysxsdkdemo.obj
c:\users\jiangxiaowei01\desktop\投标项目\sdk\ysxsdkdemo\release\mainwnd.obj
d:\work\sdk\sdk_windows_1.9.3.1.0531.827\ysxsdkdemo 1.9.3-带im\bin\ysxsdkdemo.exe
d:\work\sdk\sdk_windows_1.9.3.1.0531.827\ysxsdkdemo 1.9.3-带im\bin\ysxsdkdemo.ipdb
d:\work\sdk\sdk_windows_1.9.3.1.0531.827\ysxsdkdemo 1.9.3-带im\bin\ysxsdkdemo.iobj
d:\work\sdk\sdk_windows_1.9.3.1.0531.827\ysxsdkdemo 1.9.3-带im\bin\ysxsdkdemo.pdb
d:\work\sdk\sdk_windows_1.9.3.1.0531.827\ysxsdkdemo 1.9.3-带im\ysxsdkdemo\release\ysxsdkdemo.res
c:\users\jiangxiaowei01\desktop\投标项目\sdk\ysxsdkdemo\release\ysxsdkdemo.res
c:\users\jiangxiaowei01\desktop\投标项目\sdk\ysxsdkdemo\release\vc140.pdb
c:\users\jiangxiaowei01\desktop\投标项目\sdk\ysxsdkdemo\release\ysxsdkdemo.tlog\cl.command.1.tlog
c:\users\jiangxiaowei01\desktop\投标项目\sdk\ysxsdkdemo\release\ysxsdkdemo.tlog\cl.read.1.tlog
c:\users\jiangxiaowei01\desktop\投标项目\sdk\ysxsdkdemo\release\ysxsdkdemo.tlog\cl.write.1.tlog
c:\users\jiangxiaowei01\desktop\投标项目\sdk\ysxsdkdemo\release\ysxsdkdemo.tlog\link.command.1.tlog
c:\users\jiangxiaowei01\desktop\投标项目\sdk\ysxsdkdemo\release\ysxsdkdemo.tlog\link.read.1.tlog
c:\users\jiangxiaowei01\desktop\投标项目\sdk\ysxsdkdemo\release\ysxsdkdemo.tlog\link.write.1.tlog
c:\users\jiangxiaowei01\desktop\投标项目\sdk\ysxsdkdemo\release\ysxsdkdemo.tlog\rc.command.1.tlog
c:\users\jiangxiaowei01\desktop\投标项目\sdk\ysxsdkdemo\release\ysxsdkdemo.tlog\rc.read.1.tlog
c:\users\jiangxiaowei01\desktop\投标项目\sdk\ysxsdkdemo\release\ysxsdkdemo.tlog\rc.write.1.tlog
